0 info it worked if it ends with ok
1 verbose cli [ 'D:\\nodejs\\\\node.exe',
1 verbose cli   'D:\\nodejs\\node_modules\\npm\\bin\\npm-cli.js',
1 verbose cli   'run',
1 verbose cli   'dev' ]
2 info using npm@2.15.11
3 info using node@v0.12.18
4 verbose stack Error: ENOENT, open 'E:\music\mc\package.json'
4 verbose stack     at Error (native)
5 verbose cwd E:\music\mc
6 error Windows_NT 6.1.7601
7 error argv "D:\\nodejs\\\\node.exe" "D:\\nodejs\\node_modules\\npm\\bin\\npm-cli.js" "run" "dev"
8 error node v0.12.18
9 error npm  v2.15.11
10 error path E:\music\mc\package.json
11 error code ENOENT
12 error errno -4058
13 error enoent ENOENT, open 'E:\music\mc\package.json'
13 error enoent This is most likely not a problem with npm itself
13 error enoent and is related to npm not being able to find a file.
14 verbose exit [ -4058, true ]
