0 info it worked if it ends with ok
1 verbose cli [ 'D:\\nodejs\\\\node.exe',
1 verbose cli   'D:\\nodejs\\node_modules\\npm\\bin\\npm-cli.js',
1 verbose cli   'run',
1 verbose cli   'dev' ]
2 info using npm@2.15.11
3 info using node@v0.12.18
4 verbose run-script [ 'predev', 'dev', 'postdev' ]
5 info predev music-manage@1.0.0
6 info dev music-manage@1.0.0
7 verbose unsafe-perm in lifecycle true
8 info music-manage@1.0.0 Failed to exec dev script
9 verbose stack Error: music-manage@1.0.0 dev: `webpack-dev-server --inline --progress --config build/webpack.dev.conf.js`
9 verbose stack Exit status 1
9 verbose stack     at EventEmitter.<anonymous> (D:\nodejs\node_modules\npm\lib\utils\lifecycle.js:217:16)
9 verbose stack     at EventEmitter.emit (events.js:110:17)
9 verbose stack     at ChildProcess.<anonymous> (D:\nodejs\node_modules\npm\lib\utils\spawn.js:24:14)
9 verbose stack     at ChildProcess.emit (events.js:110:17)
9 verbose stack     at maybeClose (child_process.js:1019:16)
9 verbose stack     at Process.ChildProcess._handle.onexit (child_process.js:1091:5)
10 verbose pkgid music-manage@1.0.0
11 verbose cwd E:\musicweb\music-manage
12 error Windows_NT 6.1.7601
13 error argv "D:\\nodejs\\\\node.exe" "D:\\nodejs\\node_modules\\npm\\bin\\npm-cli.js" "run" "dev"
14 error node v0.12.18
15 error npm  v2.15.11
16 error code ELIFECYCLE
17 error music-manage@1.0.0 dev: `webpack-dev-server --inline --progress --config build/webpack.dev.conf.js`
17 error Exit status 1
18 error Failed at the music-manage@1.0.0 dev script 'webpack-dev-server --inline --progress --config build/webpack.dev.conf.js'.
18 error This is most likely a problem with the music-manage package,
18 error not with npm itself.
18 error Tell the author that this fails on your system:
18 error     webpack-dev-server --inline --progress --config build/webpack.dev.conf.js
18 error You can get information on how to open an issue for this project with:
18 error     npm bugs music-manage
18 error Or if that isn't available, you can get their info via:
18 error
18 error     npm owner ls music-manage
18 error There is likely additional logging output above.
19 verbose exit [ 1, true ]
